d:\repos\compgraph\compgraph\x64\debug\vc143.pdb
d:\repos\compgraph\compgraph\x64\debug\qrc_compgraph.obj
d:\repos\compgraph\compgraph\x64\debug\matrix.obj
d:\repos\compgraph\compgraph\x64\debug\pointfield.obj
d:\repos\compgraph\compgraph\x64\debug\controller.obj
d:\repos\compgraph\compgraph\x64\debug\mymath.obj
d:\repos\compgraph\compgraph\x64\debug\rectangle.obj
d:\repos\compgraph\compgraph\x64\debug\drawwindow.obj
d:\repos\compgraph\compgraph\x64\debug\main.obj
d:\repos\compgraph\compgraph\x64\debug\mainwindow.obj
d:\repos\compgraph\compgraph\x64\debug\moc_mainwindow.obj
d:\repos\compgraph\compgraph\x64\debug\moc_drawwindow.obj
d:\repos\compgraph\compgraph\x64\debug\moc_pointfield.obj
d:\repos\compgraph\compgraph\x64\debug\moc_controller.obj
d:\repos\compgraph\compgraph\x64\debug\moc_graphicsviewwrapper.obj
d:\repos\compgraph\compgraph\x64\debug\uic\ui_compgraph.h
d:\repos\compgraph\compgraph\x64\debug\uic\ui_controller.h
d:\repos\compgraph\compgraph\x64\debug\uic\ui_mainwindow.h
d:\repos\compgraph\compgraph\x64\debug\uic\ui_pointfield.h
d:\repos\compgraph\compgraph\x64\debug\rcc\qrc_compgraph.cpp
d:\repos\compgraph\compgraph\x64\debug\moc\moc_drawwindow.cpp
d:\repos\compgraph\compgraph\x64\debug\moc\moc_graphicsviewwrapper.cpp
d:\repos\compgraph\compgraph\x64\debug\moc\moc_mainwindow.cpp
d:\repos\compgraph\compgraph\x64\debug\moc\moc_controller.cpp
d:\repos\compgraph\compgraph\x64\debug\moc\moc_pointfield.cpp
d:\repos\compgraph\x64\debug\compgraph.ilk
d:\repos\compgraph\x64\debug\compgraph.exe
d:\repos\compgraph\x64\debug\compgraph.pdb
d:\repos\compgraph\compgraph\x64\debug\compgraph.tlog\cl.command.1.tlog
d:\repos\compgraph\compgraph\x64\debug\compgraph.tlog\cl.items.tlog
d:\repos\compgraph\compgraph\x64\debug\compgraph.tlog\cl.read.1.tlog
d:\repos\compgraph\compgraph\x64\debug\compgraph.tlog\cl.write.1.tlog
d:\repos\compgraph\compgraph\x64\debug\compgraph.tlog\compgraph.write.1u.tlog
d:\repos\compgraph\compgraph\x64\debug\compgraph.tlog\link.command.1.tlog
d:\repos\compgraph\compgraph\x64\debug\compgraph.tlog\link.read.1.tlog
d:\repos\compgraph\compgraph\x64\debug\compgraph.tlog\link.write.1.tlog
d:\repos\compgraph\compgraph\x64\debug\compgraph.tlog\moc.read.1u.tlog
d:\repos\compgraph\compgraph\x64\debug\compgraph.tlog\moc.write.1u.tlog
d:\repos\compgraph\compgraph\x64\debug\compgraph.tlog\rcc.read.1u.tlog
d:\repos\compgraph\compgraph\x64\debug\compgraph.tlog\rcc.write.1u.tlog
d:\repos\compgraph\compgraph\x64\debug\compgraph.tlog\uic.read.1u.tlog
d:\repos\compgraph\compgraph\x64\debug\compgraph.tlog\uic.write.1u.tlog
